

Started GET "/assets/rails.png" for 127.0.0.1 at 2013-03-21 18:28:08 -0500
Connecting to database specified by database.yml
Served asset /rails.png - 200 OK (7ms)


Started GET "/" for 127.0.0.1 at 2013-03-21 18:48:32 -0500
Processing by StaticPagesController#home as HTML
  Rendered static_pages/home.html.erb within layouts/application (3.7ms)
Compiled static_pages.css  (18ms)  (pid 14722)
Compiled application.css  (27ms)  (pid 14722)
Compiled jquery.js  (4ms)  (pid 14722)
Compiled jquery_ujs.js  (0ms)  (pid 14722)
Compiled static_pages.js  (534ms)  (pid 14722)
Compiled application.js  (613ms)  (pid 14722)
Completed 200 OK in 815ms (Views: 814.2ms | ActiveRecord: 0.0ms)


Started GET "/assets/application.css?body=1" for 127.0.0.1 at 2013-03-21 18:48:34 -0500
Served asset /application.css - 200 OK (6ms)


Started GET "/assets/static_pages.css?body=1" for 127.0.0.1 at 2013-03-21 18:48:34 -0500
Served asset /static_pages.css - 200 OK (6ms)


Started GET "/assets/jquery.js?body=1" for 127.0.0.1 at 2013-03-21 18:48:34 -0500
Served asset /jquery.js - 200 OK (8ms)


Started GET "/assets/jquery_ujs.js?body=1" for 127.0.0.1 at 2013-03-21 18:48:34 -0500
Served asset /jquery_ujs.js - 200 OK (3ms)


Started GET "/assets/static_pages.js?body=1" for 127.0.0.1 at 2013-03-21 18:48:34 -0500
Served asset /static_pages.js - 200 OK (2ms)


Started GET "/assets/application.js?body=1" for 127.0.0.1 at 2013-03-21 18:48:34 -0500
Served asset /application.js - 200 OK (9ms)


Started GET "/auth/facebook" for 127.0.0.1 at 2013-03-21 18:50:49 -0500
Connecting to database specified by database.yml
(facebook) Request phase initiated.


Started GET "/" for 127.0.0.1 at 2013-03-21 18:51:57 -0500
Connecting to database specified by database.yml
Processing by StaticPagesController#home as HTML
  Rendered static_pages/home.html.erb within layouts/application (3.9ms)
Completed 200 OK in 64ms (Views: 63.3ms | ActiveRecord: 0.0ms)


Started GET "/assets/application.css?body=1" for 127.0.0.1 at 2013-03-21 18:51:57 -0500
Served asset /application.css - 304 Not Modified (5ms)


Started GET "/assets/static_pages.css?body=1" for 127.0.0.1 at 2013-03-21 18:51:58 -0500
Served asset /static_pages.css - 304 Not Modified (4ms)


Started GET "/assets/jquery.js?body=1" for 127.0.0.1 at 2013-03-21 18:51:58 -0500
Served asset /jquery.js - 304 Not Modified (10ms)


Started GET "/assets/jquery_ujs.js?body=1" for 127.0.0.1 at 2013-03-21 18:51:58 -0500
Served asset /jquery_ujs.js - 304 Not Modified (6ms)


Started GET "/assets/application.js?body=1" for 127.0.0.1 at 2013-03-21 18:51:58 -0500
Served asset /application.js - 304 Not Modified (10ms)


Started GET "/assets/static_pages.js?body=1" for 127.0.0.1 at 2013-03-21 18:51:58 -0500
Served asset /static_pages.js - 304 Not Modified (2ms)


Started GET "/auth" for 127.0.0.1 at 2013-03-21 18:52:01 -0500

ActionController::RoutingError (No route matches [GET] "/auth"):
  actionpack (3.2.11) lib/action_dispatch/middleware/debug_exceptions.rb:21:in `call'
  actionpack (3.2.11) lib/action_dispatch/middleware/show_exceptions.rb:56:in `call'
  railties (3.2.11) lib/rails/rack/logger.rb:32:in `call_app'
  railties (3.2.11) lib/rails/rack/logger.rb:16:in `block in call'
  activesupport (3.2.11) lib/active_support/tagged_logging.rb:22:in `tagged'
  railties (3.2.11) lib/rails/rack/logger.rb:16:in `call'
  actionpack (3.2.11) lib/action_dispatch/middleware/request_id.rb:22:in `call'
  rack (1.4.5) lib/rack/methodoverride.rb:21:in `call'
  rack (1.4.5) lib/rack/runtime.rb:17:in `call'
  activesupport (3.2.11) lib/active_support/cache/strategy/local_cache.rb:72:in `call'
  rack (1.4.5) lib/rack/lock.rb:15:in `call'
  actionpack (3.2.11) lib/action_dispatch/middleware/static.rb:62:in `call'
  railties (3.2.11) lib/rails/engine.rb:479:in `call'
  railties (3.2.11) lib/rails/application.rb:223:in `call'
  rack (1.4.5) lib/rack/content_length.rb:14:in `call'
  railties (3.2.11) lib/rails/rack/log_tailer.rb:17:in `call'
  rack (1.4.5) lib/rack/handler/webrick.rb:59:in `service'
  /home/danish/.rvm/rubies/ruby-1.9.3-p362/lib/ruby/1.9.1/webrick/httpserver.rb:138:in `service'
  /home/danish/.rvm/rubies/ruby-1.9.3-p362/lib/ruby/1.9.1/webrick/httpserver.rb:94:in `run'
  /home/danish/.rvm/rubies/ruby-1.9.3-p362/lib/ruby/1.9.1/webrick/server.rb:191:in `block in start_thread'


  Rendered /home/danish/.rvm/gems/ruby-1.9.3-p362/gems/actionpack-3.2.11/lib/action_dispatch/middleware/templates/rescues/routing_error.erb within rescues/layout (1.3ms)


Started GET "/auth/facebook" for 127.0.0.1 at 2013-03-21 18:52:04 -0500


Started GET "/auth/facebook" for 127.0.0.1 at 2013-03-21 18:53:18 -0500


Started GET "/" for 127.0.0.1 at 2013-03-21 18:53:28 -0500
Connecting to database specified by database.yml
Processing by StaticPagesController#home as HTML
  Rendered static_pages/home.html.erb within layouts/application (3.6ms)
Completed 200 OK in 65ms (Views: 64.4ms | ActiveRecord: 0.0ms)


Started GET "/assets/static_pages.css?body=1" for 127.0.0.1 at 2013-03-21 18:53:28 -0500
Served asset /static_pages.css - 304 Not Modified (7ms)


Started GET "/assets/jquery.js?body=1" for 127.0.0.1 at 2013-03-21 18:53:28 -0500
Served asset /jquery.js - 304 Not Modified (6ms)


Started GET "/assets/application.css?body=1" for 127.0.0.1 at 2013-03-21 18:53:28 -0500
Served asset /application.css - 304 Not Modified (4ms)


Started GET "/assets/application.js?body=1" for 127.0.0.1 at 2013-03-21 18:53:28 -0500
Served asset /application.js - 304 Not Modified (15ms)


Started GET "/assets/jquery_ujs.js?body=1" for 127.0.0.1 at 2013-03-21 18:53:28 -0500
Served asset /jquery_ujs.js - 304 Not Modified (3ms)


Started GET "/assets/static_pages.js?body=1" for 127.0.0.1 at 2013-03-21 18:53:28 -0500
Served asset /static_pages.js - 304 Not Modified (2ms)


Started GET "/auth/facebook" for 127.0.0.1 at 2013-03-21 18:53:32 -0500


Started GET "/auth/facebook/callback?state=68647a22dde16283fab42ce9834cf6c7c3a5d81895fb62f4&code=AQDVKIX3FszWyuKrSOvS9aNyIMp5Clx0CLoGcb-hP2X7KPJOh5Rkd1bOdw8Xlo3f4Ne8d6amFS6npQFR8bfaXBmKpn1e0VbvrySTvdIXwoFvmwlSAWsQqwZzybbEQF3tyzNCGxDDK2rdIBqn1MEm5Dk9OW2M8tsca5FL-ybLntc2efxoj5mUaXAlp38f9T7EMQ3QksXr9nzmo0OUj8gUekx0" for 127.0.0.1 at 2013-03-21 18:53:37 -0500

ActionController::RoutingError (No route matches [GET] "/auth/facebook/callback"):
  actionpack (3.2.11) lib/action_dispatch/middleware/debug_exceptions.rb:21:in `call'
  actionpack (3.2.11) lib/action_dispatch/middleware/show_exceptions.rb:56:in `call'
  railties (3.2.11) lib/rails/rack/logger.rb:32:in `call_app'
  railties (3.2.11) lib/rails/rack/logger.rb:16:in `block in call'
  activesupport (3.2.11) lib/active_support/tagged_logging.rb:22:in `tagged'
  railties (3.2.11) lib/rails/rack/logger.rb:16:in `call'
  actionpack (3.2.11) lib/action_dispatch/middleware/request_id.rb:22:in `call'
  rack (1.4.5) lib/rack/methodoverride.rb:21:in `call'
  rack (1.4.5) lib/rack/runtime.rb:17:in `call'
  activesupport (3.2.11) lib/active_support/cache/strategy/local_cache.rb:72:in `call'
  rack (1.4.5) lib/rack/lock.rb:15:in `call'
  actionpack (3.2.11) lib/action_dispatch/middleware/static.rb:62:in `call'
  railties (3.2.11) lib/rails/engine.rb:479:in `call'
  railties (3.2.11) lib/rails/application.rb:223:in `call'
  rack (1.4.5) lib/rack/content_length.rb:14:in `call'
  railties (3.2.11) lib/rails/rack/log_tailer.rb:17:in `call'
  rack (1.4.5) lib/rack/handler/webrick.rb:59:in `service'
  /home/danish/.rvm/rubies/ruby-1.9.3-p362/lib/ruby/1.9.1/webrick/httpserver.rb:138:in `service'
  /home/danish/.rvm/rubies/ruby-1.9.3-p362/lib/ruby/1.9.1/webrick/httpserver.rb:94:in `run'
  /home/danish/.rvm/rubies/ruby-1.9.3-p362/lib/ruby/1.9.1/webrick/server.rb:191:in `block in start_thread'


  Rendered /home/danish/.rvm/gems/ruby-1.9.3-p362/gems/actionpack-3.2.11/lib/action_dispatch/middleware/templates/rescues/routing_error.erb within rescues/layout (1.0ms)
Connecting to database specified by database.yml
Connecting to database specified by database.yml
Connecting to database specified by database.yml
Connecting to database specified by database.yml
  [1m[36m (0.2ms)[0m  [1mselect sqlite_version(*)[0m
  [1m[35m (159.3ms)[0m  CREATE TABLE "schema_migrations" ("version" varchar(255) NOT NULL) 
  [1m[36m (124.2ms)[0m  [1mCREATE UNIQUE INDEX "unique_schema_migrations" ON "schema_migrations" ("version")[0m
  [1m[35m (2.7ms)[0m  SELECT "schema_migrations"."version" FROM "schema_migrations" 
Migrating to CreateUsers (20130322000014)
  [1m[36m (0.1ms)[0m  [1mbegin transaction[0m
  [1m[35m (0.7ms)[0m  CREATE TABLE "users" ("id" INTEGER PRIMARY KEY AUTOINCREMENT NOT NULL, "provider" varchar(255), "uid" varchar(255), "name" varchar(255), "oauth_token" varchar(255), "oauth_expires_at" datetime, "email" varchar(255), "image" varchar(255), "location" varchar(255), "created_at" datetime NOT NULL, "updated_at" datetime NOT NULL) 
  [1m[36m (0.2ms)[0m  [1mINSERT INTO "schema_migrations" ("version") VALUES ('20130322000014')[0m
  [1m[35m (156.8ms)[0m  commit transaction
  [1m[36m (0.2ms)[0m  [1mSELECT "schema_migrations"."version" FROM "schema_migrations" [0m
Connecting to database specified by database.yml


Started GET "/" for 127.0.0.1 at 2013-03-21 19:06:58 -0500
Connecting to database specified by database.yml
Processing by StaticPagesController#home as HTML
  Rendered static_pages/home.html.erb within layouts/application (4.3ms)
Compiled sessions.css  (36ms)  (pid 16123)
Compiled application.css  (46ms)  (pid 16123)
Compiled sessions.js  (228ms)  (pid 16123)
Compiled application.js  (243ms)  (pid 16123)
Completed 200 OK in 386ms (Views: 385.0ms | ActiveRecord: 0.0ms)


Started GET "/assets/application.css?body=1" for 127.0.0.1 at 2013-03-21 19:06:59 -0500
Served asset /application.css - 304 Not Modified (60ms)


Started GET "/assets/sessions.css?body=1" for 127.0.0.1 at 2013-03-21 19:06:59 -0500
Served asset /sessions.css - 200 OK (2ms)


Started GET "/assets/static_pages.css?body=1" for 127.0.0.1 at 2013-03-21 19:06:59 -0500
Served asset /static_pages.css - 304 Not Modified (2ms)


Started GET "/assets/jquery_ujs.js?body=1" for 127.0.0.1 at 2013-03-21 19:06:59 -0500
Served asset /jquery_ujs.js - 304 Not Modified (4ms)


Started GET "/assets/jquery.js?body=1" for 127.0.0.1 at 2013-03-21 19:06:59 -0500
Served asset /jquery.js - 304 Not Modified (7ms)


Started GET "/assets/sessions.js?body=1" for 127.0.0.1 at 2013-03-21 19:06:59 -0500
Served asset /sessions.js - 200 OK (4ms)


Started GET "/assets/static_pages.js?body=1" for 127.0.0.1 at 2013-03-21 19:06:59 -0500
Served asset /static_pages.js - 304 Not Modified (2ms)


Started GET "/assets/application.js?body=1" for 127.0.0.1 at 2013-03-21 19:06:59 -0500
Served asset /application.js - 304 Not Modified (11ms)


Started GET "/auth/facebook" for 127.0.0.1 at 2013-03-21 19:07:00 -0500


Started GET "/auth/facebook/callback?state=a639db958b779a7b66a3e22b2b6d9fd71f0ed65a009aebc7&code=AQC52QviUGE9L_On6cI4XVcFbaRxg_r1m_MXYmRZerugV0-_4RlxhHCDUGYeFKmy2wP_Gno9qZdsLHLMH6a2X-cLmscxsb8I8LViuprwgByCO_IpaSAGBH511oWUhGiG2G4YBRLJju42h4xjTNqVwOor-MG6zgpawkCQN12M2n5HKt4qK-Gq3cKUPYcm5XB-iKOXRPGafbgvIm-45JJfjPfy" for 127.0.0.1 at 2013-03-21 19:07:06 -0500
Processing by SessionsController#create as HTML
  Parameters: {"state"=>"a639db958b779a7b66a3e22b2b6d9fd71f0ed65a009aebc7", "code"=>"AQC52QviUGE9L_On6cI4XVcFbaRxg_r1m_MXYmRZerugV0-_4RlxhHCDUGYeFKmy2wP_Gno9qZdsLHLMH6a2X-cLmscxsb8I8LViuprwgByCO_IpaSAGBH511oWUhGiG2G4YBRLJju42h4xjTNqVwOor-MG6zgpawkCQN12M2n5HKt4qK-Gq3cKUPYcm5XB-iKOXRPGafbgvIm-45JJfjPfy", "provider"=>"facebook"}
  [1m[36mUser Load (0.2ms)[0m  [1mSELECT "users".* FROM "users" WHERE "users"."provider" = 'facebook' AND "users"."uid" = '1245957806' LIMIT 1[0m
  [1m[35m (0.1ms)[0m  begin transaction
  [1m[36mSQL (13.7ms)[0m  [1mINSERT INTO "users" ("created_at", "email", "image", "location", "name", "oauth_expires_at", "oauth_token", "provider", "uid", "updated_at") VALUES (?, ?, ?, ?, ?, ?, ?, ?, ?, ?)[0m  [["created_at", Fri, 22 Mar 2013 00:07:07 UTC +00:00], ["email", "mughal.danish@gmail.com"], ["image", "http://graph.facebook.com/1245957806/picture?type=square"], ["location", "Urbana, Illinois"], ["name", "Danish Mughal"], ["oauth_expires_at", Mon, 20 May 2013 23:53:37 UTC +00:00], ["oauth_token", "AAAGu1xIqmUgBACGXMZB0ts1i8f92Hbc9wKIjbQLoh2ZAUP8fZAd6ZB6K4mDdFLd3S7OSNIwqH6HMz45mbf6ZACOu4SbEn7N0b5syZCOJcjPQZDZD"], ["provider", "facebook"], ["uid", "1245957806"], ["updated_at", Fri, 22 Mar 2013 00:07:07 UTC +00:00]]
  [1m[35m (178.9ms)[0m  commit transaction
Redirected to http://localhost:3000/
Completed 302 Found in 417ms (ActiveRecord: 197.6ms)


Started GET "/" for 127.0.0.1 at 2013-03-21 19:07:07 -0500
Processing by StaticPagesController#home as HTML
  [1m[36mUser Load (0.5ms)[0m  [1mSELECT "users".* FROM "users" WHERE "users"."id" = ? LIMIT 1[0m  [["id", 1]]
  Rendered static_pages/home.html.erb within layouts/application (4.2ms)
Completed 200 OK in 44ms (Views: 43.5ms | ActiveRecord: 0.5ms)


Started GET "/assets/application.css?body=1" for 127.0.0.1 at 2013-03-21 19:07:07 -0500
Served asset /application.css - 304 Not Modified (0ms)


Started GET "/assets/application.js?body=1" for 127.0.0.1 at 2013-03-21 19:07:07 -0500
Served asset /application.js - 304 Not Modified (14ms)


Started GET "/assets/jquery_ujs.js?body=1" for 127.0.0.1 at 2013-03-21 19:07:07 -0500
Served asset /jquery_ujs.js - 304 Not Modified (0ms)


Started GET "/assets/jquery.js?body=1" for 127.0.0.1 at 2013-03-21 19:07:07 -0500
Served asset /jquery.js - 304 Not Modified (1ms)


Started GET "/assets/static_pages.js?body=1" for 127.0.0.1 at 2013-03-21 19:07:07 -0500
Served asset /static_pages.js - 304 Not Modified (0ms)


Started GET "/assets/static_pages.css?body=1" for 127.0.0.1 at 2013-03-21 19:07:07 -0500
Served asset /static_pages.css - 304 Not Modified (0ms)


Started GET "/signout" for 127.0.0.1 at 2013-03-21 19:07:11 -0500
Processing by SessionsController#destroy as HTML
Redirected to http://localhost:3000/
Completed 302 Found in 1ms (ActiveRecord: 0.0ms)


Started GET "/" for 127.0.0.1 at 2013-03-21 19:07:11 -0500
Processing by StaticPagesController#home as HTML
  Rendered static_pages/home.html.erb within layouts/application (0.2ms)
Completed 200 OK in 10ms (Views: 9.4ms | ActiveRecord: 0.0ms)


Started GET "/assets/application.css?body=1" for 127.0.0.1 at 2013-03-21 19:07:11 -0500
Served asset /application.css - 304 Not Modified (2ms)


Started GET "/assets/jquery.js?body=1" for 127.0.0.1 at 2013-03-21 19:07:11 -0500
Served asset /jquery.js - 304 Not Modified (4ms)


Started GET "/assets/static_pages.js?body=1" for 127.0.0.1 at 2013-03-21 19:07:11 -0500
Served asset /static_pages.js - 304 Not Modified (1ms)


Started GET "/assets/static_pages.css?body=1" for 127.0.0.1 at 2013-03-21 19:07:11 -0500
Served asset /static_pages.css - 304 Not Modified (0ms)


Started GET "/assets/jquery_ujs.js?body=1" for 127.0.0.1 at 2013-03-21 19:07:11 -0500
Served asset /jquery_ujs.js - 304 Not Modified (0ms)


Started GET "/assets/application.js?body=1" for 127.0.0.1 at 2013-03-21 19:07:11 -0500
Served asset /application.js - 304 Not Modified (2ms)


Started GET "/auth/facebook" for 127.0.0.1 at 2013-03-21 19:07:12 -0500


Started GET "/auth/facebook/callback?state=116a28ecec767e9f1a77f1e4de3274204425b5014252f077&code=AQBWxsIR2QMW-OJ4uSXkhGKmQ2Qi1VNH1GpYCkWNuTQQx6FcKFiNa5pFJPcdiBsFCTfxnV9Fsf3TmyUDBCRCR0tZab4OK_-rpaFTykcq58FmS6mLyngEq93T4mTVZ4wc1f2FQJ0ytstBU-iBn_-WT8hbkDa0qtqV71KkEcKRjW-nUyyfUbQkGvN0XkZhGRrksy4CiWWz9r9utWYOVA-9mzWh" for 127.0.0.1 at 2013-03-21 19:07:13 -0500
Processing by SessionsController#create as HTML
  Parameters: {"state"=>"116a28ecec767e9f1a77f1e4de3274204425b5014252f077", "code"=>"AQBWxsIR2QMW-OJ4uSXkhGKmQ2Qi1VNH1GpYCkWNuTQQx6FcKFiNa5pFJPcdiBsFCTfxnV9Fsf3TmyUDBCRCR0tZab4OK_-rpaFTykcq58FmS6mLyngEq93T4mTVZ4wc1f2FQJ0ytstBU-iBn_-WT8hbkDa0qtqV71KkEcKRjW-nUyyfUbQkGvN0XkZhGRrksy4CiWWz9r9utWYOVA-9mzWh", "provider"=>"facebook"}
  [1m[35mUser Load (0.4ms)[0m  SELECT "users".* FROM "users" WHERE "users"."provider" = 'facebook' AND "users"."uid" = '1245957806' LIMIT 1
  [1m[36m (0.1ms)[0m  [1mbegin transaction[0m
  [1m[35m (0.1ms)[0m  commit transaction
Redirected to http://localhost:3000/
Completed 302 Found in 7ms (ActiveRecord: 0.5ms)


Started GET "/" for 127.0.0.1 at 2013-03-21 19:07:13 -0500
Processing by StaticPagesController#home as HTML
  [1m[36mUser Load (0.2ms)[0m  [1mSELECT "users".* FROM "users" WHERE "users"."id" = ? LIMIT 1[0m  [["id", 1]]
  Rendered static_pages/home.html.erb within layouts/application (2.6ms)
Completed 200 OK in 15ms (Views: 14.7ms | ActiveRecord: 0.2ms)


Started GET "/assets/application.css?body=1" for 127.0.0.1 at 2013-03-21 19:07:13 -0500
Served asset /application.css - 304 Not Modified (0ms)


Started GET "/assets/static_pages.css?body=1" for 127.0.0.1 at 2013-03-21 19:07:14 -0500
Served asset /static_pages.css - 304 Not Modified (0ms)


Started GET "/assets/jquery.js?body=1" for 127.0.0.1 at 2013-03-21 19:07:14 -0500
Served asset /jquery.js - 304 Not Modified (9ms)


Started GET "/assets/static_pages.js?body=1" for 127.0.0.1 at 2013-03-21 19:07:14 -0500
Served asset /static_pages.js - 304 Not Modified (0ms)


Started GET "/assets/application.js?body=1" for 127.0.0.1 at 2013-03-21 19:07:14 -0500
Served asset /application.js - 304 Not Modified (4ms)


Started GET "/assets/jquery_ujs.js?body=1" for 127.0.0.1 at 2013-03-21 19:07:14 -0500
Served asset /jquery_ujs.js - 304 Not Modified (1ms)


Started GET "/signout" for 127.0.0.1 at 2013-03-21 19:10:16 -0500
Processing by SessionsController#destroy as HTML
Redirected to http://localhost:3000/
Completed 302 Found in 1ms (ActiveRecord: 0.0ms)


Started GET "/" for 127.0.0.1 at 2013-03-21 19:10:16 -0500
Processing by StaticPagesController#home as HTML
  Rendered static_pages/home.html.erb within layouts/application (0.8ms)
Completed 200 OK in 10ms (Views: 9.6ms | ActiveRecord: 0.0ms)


Started GET "/assets/application.css?body=1" for 127.0.0.1 at 2013-03-21 19:10:16 -0500
Served asset /application.css - 304 Not Modified (42ms)


Started GET "/assets/jquery.js?body=1" for 127.0.0.1 at 2013-03-21 19:10:16 -0500
Served asset /jquery.js - 304 Not Modified (15ms)


Started GET "/assets/sessions.css?body=1" for 127.0.0.1 at 2013-03-21 19:10:16 -0500
Served asset /sessions.css - 304 Not Modified (0ms)


Started GET "/assets/static_pages.css?body=1" for 127.0.0.1 at 2013-03-21 19:10:16 -0500
Served asset /static_pages.css - 304 Not Modified (0ms)


Started GET "/assets/jquery_ujs.js?body=1" for 127.0.0.1 at 2013-03-21 19:10:16 -0500
Served asset /jquery_ujs.js - 304 Not Modified (0ms)


Started GET "/assets/sessions.js?body=1" for 127.0.0.1 at 2013-03-21 19:10:16 -0500
Served asset /sessions.js - 304 Not Modified (0ms)


Started GET "/assets/static_pages.js?body=1" for 127.0.0.1 at 2013-03-21 19:10:16 -0500
Served asset /static_pages.js - 304 Not Modified (0ms)


Started GET "/assets/application.js?body=1" for 127.0.0.1 at 2013-03-21 19:10:16 -0500
Served asset /application.js - 304 Not Modified (2ms)


Started GET "/auth/facebook" for 127.0.0.1 at 2013-03-21 19:10:17 -0500
