Compiled bootstrap-transition.js  (0ms)  (pid 22905)
Compiled bootstrap-affix.js  (0ms)  (pid 22905)
Compiled bootstrap-alert.js  (0ms)  (pid 22905)
Compiled bootstrap-button.js  (0ms)  (pid 22905)
Compiled bootstrap-carousel.js  (0ms)  (pid 22905)
Compiled bootstrap-collapse.js  (0ms)  (pid 22905)
Compiled bootstrap-dropdown.js  (0ms)  (pid 22905)
Compiled bootstrap-modal.js  (0ms)  (pid 22905)
Compiled bootstrap-scrollspy.js  (0ms)  (pid 22905)
Compiled bootstrap-tab.js  (0ms)  (pid 22905)
Compiled bootstrap-tooltip.js  (0ms)  (pid 22905)
Compiled bootstrap-popover.js  (0ms)  (pid 22905)
Compiled bootstrap-typeahead.js  (0ms)  (pid 22905)
Compiled bootstrap.js  (116ms)  (pid 22905)
Compiled jquery.js  (2ms)  (pid 22905)
Compiled jquery_ujs.js  (0ms)  (pid 22905)
Compiled jquery-ui.js  (28ms)  (pid 22905)
Compiled jquery-ui-timepicker-addon.js  (0ms)  (pid 22905)
Compiled meals.js  (509ms)  (pid 22905)
Compiled sessions.js  (147ms)  (pid 22905)
Compiled static_pages.js  (149ms)  (pid 22905)
Compiled application.js  (1005ms)  (pid 22905)
Compiled bootstrap.css  (0ms)  (pid 22905)
Compiled flat-ui.css  (0ms)  (pid 22905)
Compiled jquery-ui-timepicker-addon.css  (0ms)  (pid 22905)
Compiled jquery-ui.css  (0ms)  (pid 22905)
Compiled meals.css  (29ms)  (pid 22905)
Compiled sessions.css  (1ms)  (pid 22905)
Compiled static_pages.css  (1ms)  (pid 22905)
Compiled z-custom.css  (16ms)  (pid 22905)
Compiled application.css  (84ms)  (pid 22905)
Compiled bootstrap-transition.js  (0ms)  (pid 22905)
Compiled bootstrap-affix.js  (0ms)  (pid 22905)
Compiled bootstrap-alert.js  (0ms)  (pid 22905)
Compiled bootstrap-button.js  (0ms)  (pid 22905)
Compiled bootstrap-carousel.js  (0ms)  (pid 22905)
Compiled bootstrap-collapse.js  (0ms)  (pid 22905)
Compiled bootstrap-dropdown.js  (0ms)  (pid 22905)
Compiled bootstrap-modal.js  (0ms)  (pid 22905)
Compiled bootstrap-scrollspy.js  (0ms)  (pid 22905)
Compiled bootstrap-tab.js  (0ms)  (pid 22905)
Compiled bootstrap-tooltip.js  (0ms)  (pid 22905)
Compiled bootstrap-popover.js  (0ms)  (pid 22905)
Compiled bootstrap-typeahead.js  (0ms)  (pid 22905)
Compiled bootstrap.js  (86ms)  (pid 22905)
Compiled jquery.js  (2ms)  (pid 22905)
Compiled jquery_ujs.js  (0ms)  (pid 22905)
Compiled jquery-ui.js  (8ms)  (pid 22905)
Compiled jquery-ui-timepicker-addon.js  (0ms)  (pid 22905)
Compiled meals.js  (163ms)  (pid 22905)
Compiled sessions.js  (148ms)  (pid 22905)
Compiled static_pages.js  (139ms)  (pid 22905)
Compiled application.js  (616ms)  (pid 22905)
Compiled bootstrap.css  (0ms)  (pid 22905)
Compiled flat-ui.css  (0ms)  (pid 22905)
Compiled jquery-ui-timepicker-addon.css  (0ms)  (pid 22905)
Compiled jquery-ui.css  (0ms)  (pid 22905)
Compiled meals.css  (29ms)  (pid 22905)
Compiled sessions.css  (1ms)  (pid 22905)
Compiled static_pages.css  (1ms)  (pid 22905)
Compiled z-custom.css  (17ms)  (pid 22905)
Compiled application.css  (83ms)  (pid 22905)
